Zip Xchange App/xchange_app/build/app/outputs/mapping/release/mapping.txt
# compiler: R8
# compiler_version: 1.5.64
# min_api: 21
# pg_map_id: c4be417
...
io.grpc.InternalServiceProviders -> c.b.j0:
    boolean isAndroid(java.lang.ClassLoader) -> a
io.grpc.InternalStatus -> c.b.k0:
    io.grpc.Metadata$Key CODE_KEY -> b
    io.grpc.Metadata$Key MESSAGE_KEY -> a
io.grpc.InternalWithLogId -> c.b.l0:
    io.grpc.InternalLogId getLogId() -> a
io.grpc.KnownLength -> c.b.m0:
io.grpc.LoadBalancer -> c.b.n0:
    io.grpc.Attributes$Key ATTR_LOAD_BALANCING_CONFIG -> a
    boolean canHandleEmptyAddressListFromNameResolution() -> a
    void handleNameResolutionError(io.grpc.Status) -> a
    void handleResolvedAddresses(io.grpc.LoadBalancer$ResolvedAddresses) -> a
    void handleSubchannelState(io.grpc.LoadBalancer$Subchannel,io.grpc.ConnectivityStateInfo) -> a
    void shutdown() -> b
io.grpc.LoadBalancer$1 -> c.b.n0$a:
io.grpc.LoadBalancer$Factory -> c.b.n0$b:
    io.grpc.LoadBalancer newLoadBalancer(io.grpc.LoadBalancer$Helper) -> a
io.grpc.LoadBalancer$Helper -> c.b.n0$c:
    io.grpc.LoadBalancer$Subchannel createSubchannel(io.grpc.EquivalentAddressGroup,io.grpc.Attributes) -> a
    io.grpc.LoadBalancer$Subchannel createSubchannel(java.util.List,io.grpc.Attributes) -> a
    io.grpc.ChannelLogger getChannelLogger() -> a
    void updateBalancingState(io.grpc.ConnectivityState,io.grpc.LoadBalancer$SubchannelPicker) -> a
    void updateSubchannelAddresses(io.grpc.LoadBalancer$Subchannel,java.util.List) -> a
io.grpc.LoadBalancer$PickResult -> c.b.n0$d:
    io.grpc.LoadBalancer$PickResult NO_RESULT -> e
    io.grpc.Status status -> c
    io.grpc.LoadBalancer$Subchannel subchannel -> a
    io.grpc.ClientStreamTracer$Factory streamTracerFactory -> b
    boolean drop -> d
    io.grpc.Status getStatus() -> a
    io.grpc.LoadBalancer$PickResult withDrop(io.grpc.Status) -> a
    io.grpc.LoadBalancer$PickResult withSubchannel(io.grpc.LoadBalancer$Subchannel) -> a
    io.grpc.LoadBalancer$PickResult withSubchannel(io.grpc.LoadBalancer$Subchannel,io.grpc.ClientStreamTracer$Factory) -> a
    io.grpc.ClientStreamTracer$Factory getStreamTracerFactory() -> b
    io.grpc.LoadBalancer$PickResult withError(io.grpc.Status) -> b
    io.grpc.LoadBalancer$Subchannel getSubchannel() -> c
    boolean isDrop() -> d
    io.grpc.LoadBalancer$PickResult withNoResult() -> e
io.grpc.LoadBalancer$PickSubchannelArgs -> c.b.n0$e:
    io.grpc.CallOptions getCallOptions() -> a
    io.grpc.Metadata getHeaders() -> b
    io.grpc.MethodDescriptor getMethodDescriptor() -> c
io.grpc.LoadBalancer$ResolvedAddresses -> c.b.n0$f:
    java.util.List addresses -> a
    io.grpc.Attributes attributes -> b
    java.lang.Object loadBalancingPolicyConfig -> c
    java.util.List getAddresses() -> a
    io.grpc.Attributes getAttributes() -> b
    io.grpc.LoadBalancer$ResolvedAddresses$Builder newBuilder() -> c
io.grpc.LoadBalancer$ResolvedAddresses$Builder -> c.b.n0$f$a:
    java.util.List addresses -> a
    io.grpc.Attributes attributes -> b
    java.lang.Object loadBalancingPolicyConfig -> c
    io.grpc.LoadBalancer$ResolvedAddresses build() -> a
    io.grpc.LoadBalancer$ResolvedAddresses$Builder setAddresses(java.util.List) -> a
    io.grpc.LoadBalancer$ResolvedAddresses$Builder setAttributes(io.grpc.Attributes) -> a
io.grpc.LoadBalancer$Subchannel -> c.b.n0$g:
    io.grpc.EquivalentAddressGroup getAddresses() -> a
    java.util.List getAllAddresses() -> b
    io.grpc.Attributes getAttributes() -> c
    void requestConnection() -> d
    void shutdown() -> e
io.grpc.LoadBalancer$SubchannelPicker -> c.b.n0$h:
    io.grpc.LoadBalancer$PickResult pickSubchannel(io.grpc.LoadBalancer$PickSubchannelArgs) -> a
io.grpc.LoadBalancerProvider -> c.b.o0:
    java.lang.String getPolicyName() -> a
    int getPriority() -> b
    boolean isAvailable() -> c
io.grpc.LoadBalancerProvider$UnknownConfig -> c.b.o0$a: